<?xml version="1.0" encoding="UTF-8"?>
<!-- Generated by org.testng.reporters.JUnitXMLReporter -->
<testsuite ignored="0" hostname="DESKTOP-1U3T6DO" failures="1" tests="1" name="Test" time="0.038" errors="0" timestamp="2022-01-06T19:35:31 GMT">
  <testcase classname="TestNG.TestNGParametersDemo" name="test" time="0.0">
    <failure type="org.testng.TestNGException" message="
Parameter &amp;apos;MyName&amp;apos; is required by @Test on method test but has not been marked @Optional or defined
in D:\Learnings\MyWorkspace\SeleniumJavaFramework\testngParameters.xml">
      <![CDATA[org.testng.TestNGException: 
Parameter 'MyName' is required by @Test on method test but has not been marked @Optional or defined
in D:\Learnings\MyWorkspace\SeleniumJavaFramework\testngParameters.xml
at java.base/java.util.ArrayList.forEach(ArrayList.java:1511)
... Removed 26 stack frames]]>
    </failure>
  </testcase> <!-- test -->
</testsuite> <!-- Test -->
